<?xml version="1.0" encoding="UTF-8"?>
<!-- Generated by org.testng.reporters.JUnitReportReporter -->
<testsuite skipped="0" hostname="Lenovo" name="com.Practice.InvocationCounttt" tests="7" failures="0" timestamp="2021-11-24T23:12:06 IST" time="0.046" errors="0">
  <testcase name="bike" time="0.015" classname="com.Practice.InvocationCounttt"/>
  <system-out/>
  <testcase name="bus" time="0.000" classname="com.Practice.InvocationCounttt"/>
  <system-out/>
  <testcase name="flight" time="0.000" classname="com.Practice.InvocationCounttt"/>
  <system-out/>
  <testcase name="bus" time="0.000" classname="com.Practice.InvocationCounttt"/>
  <system-out/>
  <testcase name="flight" time="0.016" classname="com.Practice.InvocationCounttt"/>
  <system-out/>
  <testcase name="bus" time="0.000" classname="com.Practice.InvocationCounttt"/>
  <system-out/>
  <testcase name="train" time="0.015" classname="com.Practice.InvocationCounttt"/>
  <system-out/>
</testsuite> <!-- com.Practice.InvocationCounttt -->
