<?xml version="1.0" encoding="UTF-8"?>
<!-- Generated by org.testng.reporters.JUnitReportReporter -->
<testsuite skipped="0" hostname="Lenovo" name="com.Practice.Parameterized_Test" tests="1" failures="0" timestamp="2021-11-25T09:29:57 IST" time="0.020" errors="0">
  <testcase name="Credential" time="0.020" classname="com.Practice.Parameterized_Test"/>
  <system-out/>
</testsuite> <!-- com.Practice.Parameterized_Test -->
