<?xml version="1.0" encoding="UTF-8"?>
<!-- Generated by org.testng.reporters.JUnitReportReporter -->
<testsuite skipped="0" hostname="Lenovo" name="com.Practice.Grouping_Test" tests="5" failures="0" timestamp="2021-11-24T23:36:32 IST" time="0.031" errors="0">
  <testcase name="mango" time="0.000" classname="com.Practice.Grouping_Test"/>
  <system-out/>
  <testcase name="oneplus" time="0.015" classname="com.Practice.Grouping_Test"/>
  <system-out/>
  <testcase name="apple" time="0.016" classname="com.Practice.Grouping_Test"/>
  <system-out/>
  <testcase name="banana" time="0.000" classname="com.Practice.Grouping_Test"/>
  <system-out/>
  <testcase name="samsung" time="0.000" classname="com.Practice.Grouping_Test"/>
  <system-out/>
</testsuite> <!-- com.Practice.Grouping_Test -->
