<?xml version="1.0" encoding="UTF-8"?>
<!-- Generated by org.testng.reporters.JUnitReportReporter -->
<testsuite skipped="0" hostname="Lenovo" name="com.Practice.TimeOut_Test" tests="1" failures="0" timestamp="2021-11-24T23:19:39 IST" time="4.053" errors="0">
  <testcase name="practice" time="4.053" classname="com.Practice.TimeOut_Test"/>
  <system-out/>
</testsuite> <!-- com.Practice.TimeOut_Test -->
