<?xml version="1.0" encoding="UTF-8"?>
<!-- Generated by org.testng.reporters.JUnitReportReporter -->
<testsuite skipped="0" hostname="Lenovo" name="com.Practice.Simple_Annotation" tests="2" failures="0" timestamp="2021-11-24T22:33:47 IST" time="0.150" errors="0">
  <testcase name="testt1" time="0.016" classname="com.Practice.Simple_Annotation"/>
  <system-out/>
  <testcase name="testt" time="0.134" classname="com.Practice.Simple_Annotation"/>
  <system-out/>
</testsuite> <!-- com.Practice.Simple_Annotation -->
