<?xml version="1.0" encoding="UTF-8"?>
<!-- Generated by org.testng.reporters.JUnitReportReporter -->
<testsuite skipped="1" hostname="Lenovo" name="com.Practice.Ignoree" tests="2" failures="0" timestamp="2021-11-24T23:01:24 IST" time="0.031" errors="0">
  <testcase name="flight" time="0.031" classname="com.Practice.Ignoree"/>
  <system-out/>
  <testcase name="bus" classname="com.Practice.Ignoree">
    <skipped/>
  </testcase> <!-- bus -->
  <system-out/>
</testsuite> <!-- com.Practice.Ignoree -->
