<?xml version="1.0" encoding="UTF-8"?>
<!-- Generated by org.testng.reporters.JUnitReportReporter -->
<testsuite skipped="0" hostname="Lenovo" name="com.Practice.Priorityyy" tests="6" failures="0" timestamp="2021-11-24T23:07:23 IST" time="0.047" errors="0">
  <testcase name="bike" time="0.031" classname="com.Practice.Priorityyy"/>
  <system-out/>
  <testcase name="train" time="0.000" classname="com.Practice.Priorityyy"/>
  <system-out/>
  <testcase name="refresh" time="0.000" classname="com.Practice.Priorityyy"/>
  <system-out/>
  <testcase name="bus" time="0.000" classname="com.Practice.Priorityyy"/>
  <system-out/>
  <testcase name="Car" time="0.016" classname="com.Practice.Priorityyy"/>
  <system-out/>
  <testcase name="flight" time="0.000" classname="com.Practice.Priorityyy"/>
  <system-out/>
</testsuite> <!-- com.Practice.Priorityyy -->
