<?xml version="1.0" encoding="UTF-8"?>
<!-- Generated by org.testng.reporters.JUnitReportReporter -->
<testsuite skipped="0" hostname="Lenovo" name="com.Practice.Ignore" tests="5" failures="0" timestamp="2021-11-24T22:47:34 IST" time="0.031" errors="0">
  <testcase name="Car" time="0.016" classname="com.Practice.Ignore"/>
  <system-out/>
  <testcase name="bus" time="0.000" classname="com.Practice.Ignore"/>
  <system-out/>
  <testcase name="flight" time="0.000" classname="com.Practice.Ignore"/>
  <system-out/>
  <testcase name="train" time="0.015" classname="com.Practice.Ignore"/>
  <system-out/>
  <testcase name="bike" time="0.000" classname="com.Practice.Ignore"/>
  <system-out/>
</testsuite> <!-- com.Practice.Ignore -->
